<?xml version="1.0" encoding="UTF-8"?>
<testsuite xmlns:xsi="http://www.w3.org/2001/XMLSchema-instance" xsi:noNamespaceSchemaLocation="https://maven.apache.org/surefire/maven-surefire-plugin/xsd/surefire-test-report-3.0.xsd" version="3.0" name="com.mvn.StringCalculatorTest.StrCalculatorTest" time="0.128" tests="12" errors="0" skipped="0" failures="0">
  <properties>
    <property name="java.specification.version" value="22"/>
    <property name="sun.cpu.isalist" value="amd64"/>
    <property name="sun.jnu.encoding" value="Cp1252"/>
    <property name="java.class.path" value="C:\Users\chava\stringcalculator\target\test-classes;C:\Users\chava\stringcalculator\target\classes;C:\Users\chava\.m2\repository\org\junit\jupiter\junit-jupiter\5.9.2\junit-jupiter-5.9.2.jar;C:\Users\chava\.m2\repository\org\junit\jupiter\junit-jupiter-api\5.9.2\junit-jupiter-api-5.9.2.jar;C:\Users\chava\.m2\repository\org\opentest4j\opentest4j\1.2.0\opentest4j-1.2.0.jar;C:\Users\chava\.m2\repository\org\junit\platform\junit-platform-commons\1.9.2\junit-platform-commons-1.9.2.jar;C:\Users\chava\.m2\repository\org\apiguardian\apiguardian-api\1.1.2\apiguardian-api-1.1.2.jar;C:\Users\chava\.m2\repository\org\junit\jupiter\junit-jupiter-params\5.9.2\junit-jupiter-params-5.9.2.jar;C:\Users\chava\.m2\repository\org\junit\jupiter\junit-jupiter-engine\5.9.2\junit-jupiter-engine-5.9.2.jar;C:\Users\chava\.m2\repository\org\junit\platform\junit-platform-engine\1.9.2\junit-platform-engine-1.9.2.jar;"/>
    <property name="java.vm.vendor" value="Oracle Corporation"/>
    <property name="sun.arch.data.model" value="64"/>
    <property name="user.variant" value=""/>
    <property name="java.vendor.url" value="https://java.oracle.com/"/>
    <property name="user.timezone" value="Asia/Calcutta"/>
    <property name="os.name" value="Windows 11"/>
    <property name="java.vm.specification.version" value="22"/>
    <property name="user.country" value="IN"/>
    <property name="sun.java.launcher" value="SUN_STANDARD"/>
    <property name="sun.boot.library.path" value="C:\Program Files\Java\jdk-22\bin"/>
    <property name="sun.java.command" value="C:\Users\chava\AppData\Local\Temp\surefire10227756843843990024\surefirebooter-20250704220357830_3.jar C:\Users\chava\AppData\Local\Temp\surefire10227756843843990024 2025-07-04T22-03-57_185-jvmRun1 surefire-20250704220357830_1tmp surefire_0-20250704220357830_2tmp"/>
    <property name="jdk.debug" value="release"/>
    <property name="surefire.test.class.path" value="C:\Users\chava\stringcalculator\target\test-classes;C:\Users\chava\stringcalculator\target\classes;C:\Users\chava\.m2\repository\org\junit\jupiter\junit-jupiter\5.9.2\junit-jupiter-5.9.2.jar;C:\Users\chava\.m2\repository\org\junit\jupiter\junit-jupiter-api\5.9.2\junit-jupiter-api-5.9.2.jar;C:\Users\chava\.m2\repository\org\opentest4j\opentest4j\1.2.0\opentest4j-1.2.0.jar;C:\Users\chava\.m2\repository\org\junit\platform\junit-platform-commons\1.9.2\junit-platform-commons-1.9.2.jar;C:\Users\chava\.m2\repository\org\apiguardian\apiguardian-api\1.1.2\apiguardian-api-1.1.2.jar;C:\Users\chava\.m2\repository\org\junit\jupiter\junit-jupiter-params\5.9.2\junit-jupiter-params-5.9.2.jar;C:\Users\chava\.m2\repository\org\junit\jupiter\junit-jupiter-engine\5.9.2\junit-jupiter-engine-5.9.2.jar;C:\Users\chava\.m2\repository\org\junit\platform\junit-platform-engine\1.9.2\junit-platform-engine-1.9.2.jar;"/>
    <property name="sun.cpu.endian" value="little"/>
    <property name="user.home" value="C:\Users\chava"/>
    <property name="user.language" value="en"/>
    <property name="java.specification.vendor" value="Oracle Corporation"/>
    <property name="java.version.date" value="2024-07-16"/>
    <property name="java.home" value="C:\Program Files\Java\jdk-22"/>
    <property name="file.separator" value="\"/>
    <property name="basedir" value="C:\Users\chava\stringcalculator"/>
    <property name="java.vm.compressedOopsMode" value="32-bit"/>
    <property name="line.separator" value="&#10;"/>
    <property name="java.vm.specification.vendor" value="Oracle Corporation"/>
    <property name="java.specification.name" value="Java Platform API Specification"/>
    <property name="surefire.real.class.path" value="C:\Users\chava\AppData\Local\Temp\surefire10227756843843990024\surefirebooter-20250704220357830_3.jar"/>
    <property name="user.script" value=""/>
    <property name="sun.management.compiler" value="HotSpot 64-Bit Tiered Compilers"/>
    <property name="java.runtime.version" value="22.0.2+9-70"/>
    <property name="user.name" value="Admin"/>
    <property name="stdout.encoding" value="Cp1252"/>
    <property name="path.separator" value=";"/>
    <property name="os.version" value="10.0"/>
    <property name="java.runtime.name" value="Java(TM) SE Runtime Environment"/>
    <property name="file.encoding" value="UTF-8"/>
    <property name="java.vm.name" value="Java HotSpot(TM) 64-Bit Server VM"/>
    <property name="maven.ext.class.path" value="C:\Users\chava\.vscode\extensions\oracle.oracle-java-24.0.0\nbcode\java\maven-nblib\netbeans-eventspy.jar"/>
    <property name="localRepository" value="C:\Users\chava\.m2\repository"/>
    <property name="java.vendor.url.bug" value="https://bugreport.java.com/bugreport/"/>
    <property name="java.io.tmpdir" value="C:\Users\chava\AppData\Local\Temp\"/>
    <property name="java.version" value="22.0.2"/>
    <property name="user.dir" value="C:\Users\chava\stringcalculator"/>
    <property name="os.arch" value="amd64"/>
    <property name="java.vm.specification.name" value="Java Virtual Machine Specification"/>
    <property name="sun.os.patch.level" value=""/>
    <property name="native.encoding" value="Cp1252"/>
    <property name="java.library.path" value="C:\Program Files\Java\jdk-22\bin;C:\WINDOWS\Sun\Java\bin;C:\WINDOWS\system32;C:\WINDOWS;C:\Program Files\Common Files\Oracle\Java\javapath;C:\oraclexe\app\oracle\product\10.2.0\server\bin;C:\windows\system32;C:\windows;C:\windows\System32\Wbem;C:\windows\System32\WindowsPowerShell\v1.0\;C:\windows\System32\OpenSSH\;C:\Program Files (x86)\NVIDIA Corporation\PhysX\Common;C:\Program Files\NVIDIA Corporation\NVIDIA NvDLISR;C:\Program Files\dotnet\;C:\WINDOWS\system32;C:\WINDOWS;C:\WINDOWS\System32\Wbem;C:\WINDOWS\System32\WindowsPowerShell\v1.0\;C:\WINDOWS\System32\OpenSSH\;C:\Program Files\Java\jdk-21\bin;C:\Program Files\Common Files\Oracle\Java\javapath;C:\Program Files\nodejs\;C:\Program Files\Git\cmd;C:\Program Files\Java\jdk-22\bin;D:\flutterdev\flutter_windows_3.24.2-stable\flutter\bin;D:\flutterdev\commandlinetools-win-11076708_latest (1)\cmdline-tools\platform-tools;D:\flutterdev\commandlinetools-win-11076708_latest\cmdline-tools\platforms;C:\Users\chava\AppData\Local\Pub\Cache\bin;C:\Program Files\Microsoft SQL Server\150\Tools\Binn\;C:\Program Files\Microsoft SQL Server\Client SDK\ODBC\170\Tools\Binn\;C:\Program Files\MySQL\MySQL Shell 8.0\bin\;C:\Users\chava\AppData\Local\Programs\Python\Python312\;C:\Users\chava\flutter\bin;C:\Users\chava\AppData\Local\Programs\Python\Launcher\;C:\Users\chava\AppData\Local\Microsoft\WindowsApps;C:\Users\chava\AppData\Local\Programs\Microsoft VS Code\bin;C:\Users\chava\AppData\Local\Pub\Cache\bin;C:\Users\chava\AppData\Roaming\npm;C:\dart-sdk\bin;D:\flutterdev\flutter_windows_3.24.2-stable\flutter\bin;C:\Users\chava\.dotnet\tools;C:\Users\chava\AppData\Local\GitHubDesktop\bin;c:\Users\chava\AppData\Roaming\Code\User\globalStorage\github.copilot-chat\debugCommand;."/>
    <property name="java.vm.info" value="mixed mode, sharing"/>
    <property name="stderr.encoding" value="Cp1252"/>
    <property name="java.vendor" value="Oracle Corporation"/>
    <property name="java.vm.version" value="22.0.2+9-70"/>
    <property name="sun.io.unicode.encoding" value="UnicodeLittle"/>
    <property name="java.class.version" value="66.0"/>
  </properties>
  <testcase name="shouldThrowExceptionForMultipleNegativeNumbers" classname="com.mvn.StringCalculatorTest.StrCalculatorTest" time="0.063"/>
  <testcase name="shouldHandleComplexScenarioWithCustomDelimiterAndLargeNumbers" classname="com.mvn.StringCalculatorTest.StrCalculatorTest" time="0.003"/>
  <testcase name="shouldHandleWhitespaceCorrectly" classname="com.mvn.StringCalculatorTest.StrCalculatorTest" time="0.002"/>
  <testcase name="shouldReturnSumForTwoCommaSeparatedNumbers" classname="com.mvn.StringCalculatorTest.StrCalculatorTest" time="0.002"/>
  <testcase name="shouldReturnSameNumberForSingleInput" classname="com.mvn.StringCalculatorTest.StrCalculatorTest" time="0.003"/>
  <testcase name="shouldReturnZeroForEmptyString" classname="com.mvn.StringCalculatorTest.StrCalculatorTest" time="0.001"/>
  <testcase name="shouldTreatMultipleSpecialCharactersAsDelimiters" classname="com.mvn.StringCalculatorTest.StrCalculatorTest" time="0.001"/>
  <testcase name="shouldSupportCustomDelimiters" classname="com.mvn.StringCalculatorTest.StrCalculatorTest" time="0.001"/>
  <testcase name="shouldReturnZeroForNullInput" classname="com.mvn.StringCalculatorTest.StrCalculatorTest" time="0.001"/>
  <testcase name="shouldThrowExceptionForNegativeNumbers" classname="com.mvn.StringCalculatorTest.StrCalculatorTest" time="0.002"/>
  <testcase name="shouldHandleNewLineCharactersAsDelimiters" classname="com.mvn.StringCalculatorTest.StrCalculatorTest" time="0.001"/>
  <testcase name="shouldReturnSumForMultipleCommaSeparatedNumbers" classname="com.mvn.StringCalculatorTest.StrCalculatorTest" time="0.002"/>
</testsuite>